<?xml version="1.0" encoding="UTF-8"?>
<!-- Generated by org.testng.reporters.JUnitReportReporter -->
<testsuite hostname="DESKTOP-HC63NE3" failures="0" tests="1" name="appium.mathematicalCalculations" time="71.137" errors="0" timestamp="2024-02-29T22:56:54 EET" skipped="0">
  <testcase classname="appium.mathematicalCalculations" name="myCalculatorApp" time="71.137"/>
  <system-out/>
</testsuite> <!-- appium.mathematicalCalculations -->
